# Unmatched videos for pattern '(19th Chopin Competition, Warsaw)'
# published_at	video_id	title
2025-10-20T20:07:26Z	mjxkbl0iSVE	The 19th International Fryderyk Chopin Piano Competition (final), 20.10.2025
2025-10-20T20:01:07Z	hEX_SeTf2aI	Behind the scenes: Media na tropie Chopina | The media on Chopin's trail
2025-10-20T08:03:25Z	rRUiG7qBbOI	Krystian Zimerman w rozmowie z Moniką Olejnik
2025-10-19T20:57:09Z	6riEq01p_Eg	The 19th International Fryderyk Chopin Piano Competition (final), 19.10.2025
2025-10-19T11:30:35Z	Z7C_gFvIYes	Behind the scenes: Co czuje pianista? | What does a pianist feel?
2025-10-18T21:07:42Z	DbTlX9Q39Ok	The 19th International Fryderyk Chopin Piano Competition (final), 18.10.2025
2025-10-16T23:01:10Z	vs3WMgoyl90	Behind the scenes: Wydarzenia towarzyszące Konkursowi | Events accompanying the Competition
2025-10-16T21:16:35Z	kNpB_eT5QYQ	ANNOUNCEMENT OF THE RESULTS OF THE THIRD STAGE | OGŁOSZENIE WYNIKÓW III ETAPU
2025-10-16T19:56:35Z	7bpIqiXA4DU	The 19th International Fryderyk Chopin Piano Competition (evening session), 16.10.2025
2025-10-16T13:06:04Z	VQ3KdssU2RM	Chopin Talk Specialne Spotkanie / Special meeting With Sławosz Uznański-Wiśniewski 16.10.2025
2025-10-16T11:55:34Z	_T4jvwH3SlE	The 19th International Fryderyk Chopin Piano Competition (morning session), 16.10.2025
2025-10-15T19:51:04Z	SJ9EaIgxB8I	The 19th International Fryderyk Chopin Piano Competition (evening session), 15.10.2025
2025-10-15T13:50:06Z	oehWxpfiR6U	Behind the scenes: Oczami publiczności | Silent Witnesses of The Chopin Competition
2025-10-15T11:12:38Z	CfCYN5D0q7Y	The 19th International Fryderyk Chopin Piano Competition (morning session), 15.10.2025
2025-10-14T19:51:34Z	hrE0OZpVMfo	The 19th International Fryderyk Chopin Piano Competition (evening session), 14.10.2025
2025-10-14T11:48:42Z	HVa9JAt8QKY	The 19th International Fryderyk Chopin Piano Competition (morning session), 14.10.2025
2025-10-13T18:57:23Z	VUURsCZ6mbs	LIS + Phew + Mayu Shirai - Fryderyk LIS | Expo 2025, Osaka
2025-10-13T10:00:38Z	KcmLakJKvUQ	The Evolution of the Chopin Competition | 19th Chopin Competition
2025-10-12T21:32:02Z	t80-G_y97l4	ANNOUNCEMENT OF THE RESULTS OF THE SECOND STAGE | OGŁOSZENIE WYNIKÓW II ETAPU
2025-10-12T20:14:50Z	yoaXumdcwU0	The 19th International Fryderyk Chopin Piano Competition (evening session), 12.10.2025
2025-10-12T19:30:02Z	CID2Mt6Jg5E	Behind the scenes: Konkurs — jak to się robi? | Chopin Competition – how is it done?
2025-10-12T13:10:48Z	58_jNp7lVpM	The 19th International Fryderyk Chopin Piano Competition (morning session), 12.10.2025
2025-10-11T20:20:47Z	w0M3m4RDilY	The 19th International Fryderyk Chopin Piano Competition (evening session), 11.10.2025
2025-10-11T13:29:58Z	nA5D8fiE9hs	The 19th International Fryderyk Chopin Piano Competition (morning session), 11.10.2025
2025-10-10T20:11:55Z	73rkYwzXBA4	The 19th International Fryderyk Chopin Piano Competition (evening session), 10.10.2025
2025-10-10T13:08:38Z	16cJRuyc208	The 19th International Fryderyk Chopin Piano Competition (morning session), 10.10.2025
2025-10-10T07:00:57Z	ucwXX9A68hA	CHOPIN, CHOPIN! | making of
2025-10-09T20:03:12Z	1hNRLhmMNHo	The 19th International Fryderyk Chopin Piano Competition (evening session), 9.10.2025
2025-10-09T13:36:08Z	Ys9jsV_aPxo	The 19th International Fryderyk Chopin Piano Competition (morning session), 9.10.2025
2025-10-09T13:00:58Z	OlypOiFL9Mc	Behind the scenes: Jury
2025-10-08T21:39:55Z	T7VcxFThSfw	II Kolędowy Wehikuł Czasu | II Christmas carol time machine
2025-10-08T14:35:22Z	OtwsMstKOWg	F. Chopin - „Poseł" [The Messenger] | PJM
2025-10-08T10:00:07Z	4PJs-DVj45c	Feliks Janiewicz­ – życie, twórczość, inspiracja | Feliks Janiewicz – Life, Art, Inspiration
2025-10-07T21:18:35Z	ekXbfRp2vgg	ANNOUNCEMENT OF THE RESULTS OF THE FIRST STAGE | OGŁOSZENIE WYNIKÓW I ETAPU
2025-10-07T20:06:35Z	U4eRWVfT5r0	The 19th International Fryderyk Chopin Piano Competition (evening session), 7.10.2025
2025-10-07T13:26:12Z	FiBDLkfG9P8	The 19th International Fryderyk Chopin Piano Competition (morning session), 7.10.2025
2025-10-06T21:01:31Z	s4PMHXfre6M	Behind the scenes: Błękitna nuta | Blue Note
2025-10-06T20:20:42Z	l8hCaZ9XV8s	The 19th International Fryderyk Chopin Piano Competition (evening session), 6.10.2025
2025-10-06T14:09:12Z	f3nkiNASSsM	MAESTRA | trailer
2025-10-06T12:57:58Z	sIgtpt5Dlwk	The 19th International Fryderyk Chopin Piano Competition (morning session), 6.10.2025
2025-10-05T20:31:52Z	6YYhQB7OMns	The 19th International Fryderyk Chopin Piano Competition (evening session), 5.10.2025
2025-10-05T12:41:43Z	VQvjC8BxaMU	The 19th International Fryderyk Chopin Piano Competition (morning session), 5.10.2025
2025-10-04T21:49:57Z	FWs3BF13q3M	Behind the scenes: Before the 19th Chopin Competition | Przed XIX Konkursem Chopinowskim
2025-10-04T20:20:08Z	pPSyyuvcL_Q	The 19th International Fryderyk Chopin Piano Competition (evening session), 4.10.2025
2025-10-04T12:57:32Z	hD1YY3ka7OU	The 19th International Fryderyk Chopin Piano Competition (morning session), 4.10.2025
2025-10-03T20:45:08Z	O4vBU3KQ384	KUWAHARA Shiori | 19th International Chopin Piano Competition
2025-10-03T20:44:27Z	9o-oKQIVPqc	LYNOV Philipp | 19th International Chopin Piano Competition
2025-10-03T20:42:47Z	t8ksEInazCI	KRZYZOWSKI Mateusz | 19th International Chopin Piano Competition
2025-10-03T20:42:03Z	sJrdn7YCbvA	KOBAYASHI Kaito | 19th International Chopin Piano Competition
2025-10-03T20:41:25Z	c-HUn129Z7k	CHEN Kevin | 19th International Chopin Piano Competition
2025-10-03T20:25:40Z	KUqPRvHpOM0	The 19th International Fryderyk Chopin Piano Competition (evening session), 3.10.2025
2025-10-03T18:43:48Z	62lQTEV-MU8	LEE Hyuk | 19th International Chopin Piano Competition
2025-10-03T18:43:02Z	KOr9bNuvPLc	LU Eric | 19th International Chopin Piano Competition
2025-10-03T18:17:45Z	ksk2O8nxzNA	AUMILLER Jonas | 19th International Chopin Piano Competition
2025-10-03T18:16:47Z	IBT16KiMRoA	RATINOV Anthony | 19th International Chopin Piano Competition
2025-10-03T18:15:22Z	0xf3Dow0HRs	Salas Lopez Pedro | 19th International Chopin Piano Competition
2025-10-03T12:58:21Z	wHmaAz4hM-E	The 19th International Fryderyk Chopin Piano Competition (morning session), 3.10.2025
2025-10-03T12:25:45Z	nl4kuLu7n60	PAWLAK Piotr | 19th International Chopin Piano Competition
2025-10-03T10:59:24Z	pb-zOlizqmk	FERRO Alberto | 19th International Chopin Piano Competition
2025-10-03T10:43:02Z	qfBDx9LgeSk	ALEXEWICZ Piotr | 19th International Chopin Piano Competition
2025-10-03T07:21:43Z	oGpFsCh1aqY	Yang William | 19th International Chopin Piano Competition
2025-10-02T20:22:18Z	rtO0e1QdTeM	Nadzwyczajny Koncert Inauguracyjny | Special Inaugural Concert of the 19th Chopin Competition
2025-10-02T12:58:33Z	m9NXUCOfkJ4	Garrick Ohlsson - about the 19th Chopin Competition | Garrick Ohlsson o XIX Konkursie Chopinowskim
2025-10-02T10:25:49Z	aDt8BQynu28	KYOMASU Shushi | 19th International Chopin Piano Competition
2025-10-02T10:24:28Z	FnwBEQVoYhk	ZHU Jingting | 19th International Chopin Piano Competition
2025-10-02T10:19:45Z	N4ejsbLqUZQ	ZHU Hanyuan | 19th International Chopin Piano Competition
2025-10-02T10:17:24Z	l6F_NORM6zE	YU Yichen | 19th International Chopin Piano Competition
2025-10-02T09:33:41Z	GZyfx0vjV40	WU Maiqi | 19th International Chopin Piano Competition
2025-10-02T09:27:16Z	rJ8anrR0wDw	USHIDA Tomoharu | 19th International Chopin Piano Competition
2025-10-02T09:25:18Z	LdC4QWd1RJg	SHOJI Mana | 19th International Chopin Piano Competition
2025-10-02T09:23:30Z	2sfgHtV7118	ONODA Arisa | 19th International Chopin Piano Competition
2025-10-02T09:20:52Z	RzBnXbM_A24	NAKASHIMA Yulia | 19th International Chopin Piano Competition
2025-10-02T09:15:07Z	KDi_FEY0zl8	LYU Tianyao | 19th International Chopin Piano Competition
2025-10-02T06:00:51Z	tWyB6L8xbZc	XIX Konkurs Chopinowski - Konferencja Inauguracyjna PL
2025-10-02T06:00:19Z	NkXlpo46NyA	The 19th Chopin Competition - Inaugural Conference
